<<<<<<< HEAD
2013-11-08 22:34:52.329 Y-Hack-App[18857:a07] Multi-tasking -> Device: YES, App: YES
2013-11-08 22:34:52.436 Y-Hack-App[18857:a07] Resetting plugins due to page load.
2013-11-08 22:34:52.523 Y-Hack-App[18857:a07] Finished load of: file:///Users/coral/Library/Application%20Support/iPhone%20Simulator/6.0/Applications/6D39420D-5226-4ABE-9791-BA6EDDCF89F6/Y-Hack-App.app/www/index.html
=======
objc[99479]: Class AXEmojiUtilities is implemented in both /Applications/Xcode.app/Contents/Developer/Platforms/iPhoneSimulator.platform/Developer/SDKs/iPhoneSimulator7.0.sdk/System/Library/PrivateFrameworks/AccessibilityUtilities.framework/AccessibilityUtilities and /Applications/Xcode.app/Contents/Developer/Platforms/iPhoneSimulator.platform/Developer/SDKs/iPhoneSimulator7.0.sdk/usr/lib/libAXSpeechManager.dylib. One of the two will be used. Which one is undefined.
2013-11-08 20:31:33.723 HelloWorld[99479:a0b] Cannot find executable for CFBundle 0xb271d40 </Applications/Xcode.app/Contents/Developer/Platforms/iPhoneSimulator.platform/Developer/SDKs/iPhoneSimulator7.0.sdk/System/Library/AccessibilityBundles/CertUIFramework.axbundle> (not loaded)
2013-11-08 20:31:33.824 HelloWorld[99479:a0b] Cannot find executable for CFBundle 0xb0a3fa0 </Applications/Xcode.app/Contents/Developer/Platforms/iPhoneSimulator.platform/Developer/SDKs/iPhoneSimulator7.0.sdk/System/Library/AccessibilityBundles/GeoServices.axbundle> (not loaded)
2013-11-08 20:31:33.896 HelloWorld[99479:a0b] Multi-tasking -> Device: YES, App: YES
2013-11-08 20:31:34.265 HelloWorld[99479:a0b] Resetting plugins due to page load.
2013-11-08 20:31:34.357 HelloWorld[99479:a0b] Finished load of: file:///Users/jimmyli/Library/Application%20Support/iPhone%20Simulator/7.0/Applications/235C154F-DCA7-428B-A04D-CECE71983CE0/HelloWorld.app/www/index.html
objc[133]: Class AXEmojiUtilities is implemented in both /Applications/Xcode.app/Contents/Developer/Platforms/iPhoneSimulator.platform/Developer/SDKs/iPhoneSimulator7.0.sdk/System/Library/PrivateFrameworks/AccessibilityUtilities.framework/AccessibilityUtilities and /Applications/Xcode.app/Contents/Developer/Platforms/iPhoneSimulator.platform/Developer/SDKs/iPhoneSimulator7.0.sdk/usr/lib/libAXSpeechManager.dylib. One of the two will be used. Which one is undefined.
2013-11-08 20:39:43.228 HelloWorld[133:a0b] Cannot find executable for CFBundle 0xeb56090 </Applications/Xcode.app/Contents/Developer/Platforms/iPhoneSimulator.platform/Developer/SDKs/iPhoneSimulator7.0.sdk/System/Library/AccessibilityBundles/GeoServices.axbundle> (not loaded)
2013-11-08 20:39:43.308 HelloWorld[133:a0b] Cannot find executable for CFBundle 0xdb701c0 </Applications/Xcode.app/Contents/Developer/Platforms/iPhoneSimulator.platform/Developer/SDKs/iPhoneSimulator7.0.sdk/System/Library/AccessibilityBundles/CertUIFramework.axbundle> (not loaded)
2013-11-08 20:39:43.436 HelloWorld[133:a0b] Multi-tasking -> Device: YES, App: YES
2013-11-08 20:39:43.813 HelloWorld[133:a0b] Resetting plugins due to page load.
2013-11-08 20:39:43.870 HelloWorld[133:a0b] Finished load of: file:///Users/jimmyli/Library/Application%20Support/iPhone%20Simulator/7.0/Applications/235C154F-DCA7-428B-A04D-CECE71983CE0/HelloWorld.app/www/index.html
objc[1181]: Class AXEmojiUtilities is implemented in both /Applications/Xcode.app/Contents/Developer/Platforms/iPhoneSimulator.platform/Developer/SDKs/iPhoneSimulator7.0.sdk/System/Library/PrivateFrameworks/AccessibilityUtilities.framework/AccessibilityUtilities and /Applications/Xcode.app/Contents/Developer/Platforms/iPhoneSimulator.platform/Developer/SDKs/iPhoneSimulator7.0.sdk/usr/lib/libAXSpeechManager.dylib. One of the two will be used. Which one is undefined.
2013-11-08 20:41:07.883 HelloWorld[1181:a0b] Cannot find executable for CFBundle 0xca65290 </Applications/Xcode.app/Contents/Developer/Platforms/iPhoneSimulator.platform/Developer/SDKs/iPhoneSimulator7.0.sdk/System/Library/AccessibilityBundles/CertUIFramework.axbundle> (not loaded)
2013-11-08 20:41:07.953 HelloWorld[1181:a0b] Cannot find executable for CFBundle 0xb0aa8a0 </Applications/Xcode.app/Contents/Developer/Platforms/iPhoneSimulator.platform/Developer/SDKs/iPhoneSimulator7.0.sdk/System/Library/AccessibilityBundles/GeoServices.axbundle> (not loaded)
2013-11-08 20:41:08.074 HelloWorld[1181:a0b] Multi-tasking -> Device: YES, App: YES
2013-11-08 20:41:08.419 HelloWorld[1181:a0b] Resetting plugins due to page load.
2013-11-08 20:41:08.507 HelloWorld[1181:a0b] Finished load of: file:///Users/jimmyli/Library/Application%20Support/iPhone%20Simulator/7.0/Applications/235C154F-DCA7-428B-A04D-CECE71983CE0/HelloWorld.app/www/index.html
objc[1473]: Class AXEmojiUtilities is implemented in both /Applications/Xcode.app/Contents/Developer/Platforms/iPhoneSimulator.platform/Developer/SDKs/iPhoneSimulator7.0.sdk/System/Library/PrivateFrameworks/AccessibilityUtilities.framework/AccessibilityUtilities and /Applications/Xcode.app/Contents/Developer/Platforms/iPhoneSimulator.platform/Developer/SDKs/iPhoneSimulator7.0.sdk/usr/lib/libAXSpeechManager.dylib. One of the two will be used. Which one is undefined.
2013-11-08 20:43:00.929 HelloWorld[1473:a0b] Cannot find executable for CFBundle 0xa39b9c0 </Applications/Xcode.app/Contents/Developer/Platforms/iPhoneSimulator.platform/Developer/SDKs/iPhoneSimulator7.0.sdk/System/Library/AccessibilityBundles/CertUIFramework.axbundle> (not loaded)
2013-11-08 20:43:00.983 HelloWorld[1473:a0b] Cannot find executable for CFBundle 0xb27aad0 </Applications/Xcode.app/Contents/Developer/Platforms/iPhoneSimulator.platform/Developer/SDKs/iPhoneSimulator7.0.sdk/System/Library/AccessibilityBundles/GeoServices.axbundle> (not loaded)
2013-11-08 20:43:01.067 HelloWorld[1473:a0b] Multi-tasking -> Device: YES, App: YES
2013-11-08 20:43:01.371 HelloWorld[1473:a0b] Resetting plugins due to page load.
2013-11-08 20:43:01.488 HelloWorld[1473:a0b] Finished load of: file:///Users/jimmyli/Library/Application%20Support/iPhone%20Simulator/7.0/Applications/235C154F-DCA7-428B-A04D-CECE71983CE0/HelloWorld.app/www/index.html
objc[1753]: Class AXEmojiUtilities is implemented in both /Applications/Xcode.app/Contents/Developer/Platforms/iPhoneSimulator.platform/Developer/SDKs/iPhoneSimulator7.0.sdk/System/Library/PrivateFrameworks/AccessibilityUtilities.framework/AccessibilityUtilities and /Applications/Xcode.app/Contents/Developer/Platforms/iPhoneSimulator.platform/Developer/SDKs/iPhoneSimulator7.0.sdk/usr/lib/libAXSpeechManager.dylib. One of the two will be used. Which one is undefined.
2013-11-08 20:43:30.143 HelloWorld[1753:a0b] Cannot find executable for CFBundle 0xb391a60 </Applications/Xcode.app/Contents/Developer/Platforms/iPhoneSimulator.platform/Developer/SDKs/iPhoneSimulator7.0.sdk/System/Library/AccessibilityBundles/CertUIFramework.axbundle> (not loaded)
2013-11-08 20:43:30.211 HelloWorld[1753:a0b] Cannot find executable for CFBundle 0xb3be800 </Applications/Xcode.app/Contents/Developer/Platforms/iPhoneSimulator.platform/Developer/SDKs/iPhoneSimulator7.0.sdk/System/Library/AccessibilityBundles/GeoServices.axbundle> (not loaded)
2013-11-08 20:43:30.323 HelloWorld[1753:a0b] Multi-tasking -> Device: YES, App: YES
2013-11-08 20:43:30.665 HelloWorld[1753:a0b] Resetting plugins due to page load.
2013-11-08 20:43:30.793 HelloWorld[1753:a0b] Finished load of: file:///Users/jimmyli/Library/Application%20Support/iPhone%20Simulator/7.0/Applications/235C154F-DCA7-428B-A04D-CECE71983CE0/HelloWorld.app/www/index.html
objc[2479]: Class AXEmojiUtilities is implemented in both /Applications/Xcode.app/Contents/Developer/Platforms/iPhoneSimulator.platform/Developer/SDKs/iPhoneSimulator7.0.sdk/System/Library/PrivateFrameworks/AccessibilityUtilities.framework/AccessibilityUtilities and /Applications/Xcode.app/Contents/Developer/Platforms/iPhoneSimulator.platform/Developer/SDKs/iPhoneSimulator7.0.sdk/usr/lib/libAXSpeechManager.dylib. One of the two will be used. Which one is undefined.
2013-11-08 20:44:08.250 HelloWorld[2479:a0b] Cannot find executable for CFBundle 0xb47e7d0 </Applications/Xcode.app/Contents/Developer/Platforms/iPhoneSimulator.platform/Developer/SDKs/iPhoneSimulator7.0.sdk/System/Library/AccessibilityBundles/CertUIFramework.axbundle> (not loaded)
2013-11-08 20:44:08.317 HelloWorld[2479:a0b] Cannot find executable for CFBundle 0xb4b2890 </Applications/Xcode.app/Contents/Developer/Platforms/iPhoneSimulator.platform/Developer/SDKs/iPhoneSimulator7.0.sdk/System/Library/AccessibilityBundles/GeoServices.axbundle> (not loaded)
2013-11-08 20:44:08.407 HelloWorld[2479:a0b] Multi-tasking -> Device: YES, App: YES
2013-11-08 20:44:08.731 HelloWorld[2479:a0b] Resetting plugins due to page load.
2013-11-08 20:44:08.876 HelloWorld[2479:a0b] Finished load of: file:///Users/jimmyli/Library/Application%20Support/iPhone%20Simulator/7.0/Applications/235C154F-DCA7-428B-A04D-CECE71983CE0/HelloWorld.app/www/index.html
objc[3952]: Class AXEmojiUtilities is implemented in both /Applications/Xcode.app/Contents/Developer/Platforms/iPhoneSimulator.platform/Developer/SDKs/iPhoneSimulator7.0.sdk/System/Library/PrivateFrameworks/AccessibilityUtilities.framework/AccessibilityUtilities and /Applications/Xcode.app/Contents/Developer/Platforms/iPhoneSimulator.platform/Developer/SDKs/iPhoneSimulator7.0.sdk/usr/lib/libAXSpeechManager.dylib. One of the two will be used. Which one is undefined.
2013-11-08 20:46:36.768 HelloWorld[3952:a0b] Cannot find executable for CFBundle 0xb84abe0 </Applications/Xcode.app/Contents/Developer/Platforms/iPhoneSimulator.platform/Developer/SDKs/iPhoneSimulator7.0.sdk/System/Library/AccessibilityBundles/GeoServices.axbundle> (not loaded)
2013-11-08 20:46:36.790 HelloWorld[3952:a0b] Cannot find executable for CFBundle 0xbc71b20 </Applications/Xcode.app/Contents/Developer/Platforms/iPhoneSimulator.platform/Developer/SDKs/iPhoneSimulator7.0.sdk/System/Library/AccessibilityBundles/CertUIFramework.axbundle> (not loaded)
2013-11-08 20:46:36.877 HelloWorld[3952:a0b] Multi-tasking -> Device: YES, App: YES
2013-11-08 20:46:37.246 HelloWorld[3952:a0b] Resetting plugins due to page load.
2013-11-08 20:46:37.343 HelloWorld[3952:a0b] Finished load of: file:///Users/jimmyli/Library/Application%20Support/iPhone%20Simulator/7.0/Applications/235C154F-DCA7-428B-A04D-CECE71983CE0/HelloWorld.app/www/index.html
objc[4708]: Class AXEmojiUtilities is implemented in both /Applications/Xcode.app/Contents/Developer/Platforms/iPhoneSimulator.platform/Developer/SDKs/iPhoneSimulator7.0.sdk/System/Library/PrivateFrameworks/AccessibilityUtilities.framework/AccessibilityUtilities and /Applications/Xcode.app/Contents/Developer/Platforms/iPhoneSimulator.platform/Developer/SDKs/iPhoneSimulator7.0.sdk/usr/lib/libAXSpeechManager.dylib. One of the two will be used. Which one is undefined.
2013-11-08 20:49:12.449 HelloWorld[4708:a0b] Cannot find executable for CFBundle 0xb05a710 </Applications/Xcode.app/Contents/Developer/Platforms/iPhoneSimulator.platform/Developer/SDKs/iPhoneSimulator7.0.sdk/System/Library/AccessibilityBundles/GeoServices.axbundle> (not loaded)
2013-11-08 20:49:12.540 HelloWorld[4708:a0b] Cannot find executable for CFBundle 0xb35f7c0 </Applications/Xcode.app/Contents/Developer/Platforms/iPhoneSimulator.platform/Developer/SDKs/iPhoneSimulator7.0.sdk/System/Library/AccessibilityBundles/CertUIFramework.axbundle> (not loaded)
2013-11-08 20:49:12.673 HelloWorld[4708:a0b] Multi-tasking -> Device: YES, App: YES
2013-11-08 20:49:13.115 HelloWorld[4708:a0b] Resetting plugins due to page load.
2013-11-08 20:49:13.203 HelloWorld[4708:a0b] Finished load of: file:///Users/jimmyli/Library/Application%20Support/iPhone%20Simulator/7.0/Applications/235C154F-DCA7-428B-A04D-CECE71983CE0/HelloWorld.app/www/index.html
objc[5440]: Class AXEmojiUtilities is implemented in both /Applications/Xcode.app/Contents/Developer/Platforms/iPhoneSimulator.platform/Developer/SDKs/iPhoneSimulator7.0.sdk/System/Library/PrivateFrameworks/AccessibilityUtilities.framework/AccessibilityUtilities and /Applications/Xcode.app/Contents/Developer/Platforms/iPhoneSimulator.platform/Developer/SDKs/iPhoneSimulator7.0.sdk/usr/lib/libAXSpeechManager.dylib. One of the two will be used. Which one is undefined.
2013-11-08 20:51:17.091 HelloWorld[5440:a0b] Cannot find executable for CFBundle 0xb04b2b0 </Applications/Xcode.app/Contents/Developer/Platforms/iPhoneSimulator.platform/Developer/SDKs/iPhoneSimulator7.0.sdk/System/Library/AccessibilityBundles/GeoServices.axbundle> (not loaded)
2013-11-08 20:51:17.128 HelloWorld[5440:a0b] Cannot find executable for CFBundle 0xa3aeb60 </Applications/Xcode.app/Contents/Developer/Platforms/iPhoneSimulator.platform/Developer/SDKs/iPhoneSimulator7.0.sdk/System/Library/AccessibilityBundles/CertUIFramework.axbundle> (not loaded)
2013-11-08 20:51:17.195 HelloWorld[5440:a0b] Multi-tasking -> Device: YES, App: YES
2013-11-08 20:51:17.458 HelloWorld[5440:a0b] Resetting plugins due to page load.
2013-11-08 20:51:17.570 HelloWorld[5440:a0b] Finished load of: file:///Users/jimmyli/Library/Application%20Support/iPhone%20Simulator/7.0/Applications/235C154F-DCA7-428B-A04D-CECE71983CE0/HelloWorld.app/www/index.html
objc[6171]: Class AXEmojiUtilities is implemented in both /Applications/Xcode.app/Contents/Developer/Platforms/iPhoneSimulator.platform/Developer/SDKs/iPhoneSimulator7.0.sdk/System/Library/PrivateFrameworks/AccessibilityUtilities.framework/AccessibilityUtilities and /Applications/Xcode.app/Contents/Developer/Platforms/iPhoneSimulator.platform/Developer/SDKs/iPhoneSimulator7.0.sdk/usr/lib/libAXSpeechManager.dylib. One of the two will be used. Which one is undefined.
2013-11-08 20:52:54.560 HelloWorld[6171:a0b] Cannot find executable for CFBundle 0xb260e40 </Applications/Xcode.app/Contents/Developer/Platforms/iPhoneSimulator.platform/Developer/SDKs/iPhoneSimulator7.0.sdk/System/Library/AccessibilityBundles/CertUIFramework.axbundle> (not loaded)
2013-11-08 20:52:54.603 HelloWorld[6171:a0b] Cannot find executable for CFBundle 0xb03e5e0 </Applications/Xcode.app/Contents/Developer/Platforms/iPhoneSimulator.platform/Developer/SDKs/iPhoneSimulator7.0.sdk/System/Library/AccessibilityBundles/GeoServices.axbundle> (not loaded)
2013-11-08 20:52:54.685 HelloWorld[6171:a0b] Multi-tasking -> Device: YES, App: YES
2013-11-08 20:52:55.030 HelloWorld[6171:a0b] Resetting plugins due to page load.
2013-11-08 20:52:59.560 HelloWorld[6171:a0b] Finished load of: file:///Users/jimmyli/Library/Application%20Support/iPhone%20Simulator/7.0/Applications/235C154F-DCA7-428B-A04D-CECE71983CE0/HelloWorld.app/www/index.html
objc[6916]: Class AXEmojiUtilities is implemented in both /Applications/Xcode.app/Contents/Developer/Platforms/iPhoneSimulator.platform/Developer/SDKs/iPhoneSimulator7.0.sdk/System/Library/PrivateFrameworks/AccessibilityUtilities.framework/AccessibilityUtilities and /Applications/Xcode.app/Contents/Developer/Platforms/iPhoneSimulator.platform/Developer/SDKs/iPhoneSimulator7.0.sdk/usr/lib/libAXSpeechManager.dylib. One of the two will be used. Which one is undefined.
2013-11-08 20:54:55.810 HelloWorld[6916:a0b] Cannot find executable for CFBundle 0xeb16e70 </Applications/Xcode.app/Contents/Developer/Platforms/iPhoneSimulator.platform/Developer/SDKs/iPhoneSimulator7.0.sdk/System/Library/AccessibilityBundles/CertUIFramework.axbundle> (not loaded)
2013-11-08 20:54:55.841 HelloWorld[6916:a0b] Cannot find executable for CFBundle 0xb02f210 </Applications/Xcode.app/Contents/Developer/Platforms/iPhoneSimulator.platform/Developer/SDKs/iPhoneSimulator7.0.sdk/System/Library/AccessibilityBundles/GeoServices.axbundle> (not loaded)
2013-11-08 20:54:56.004 HelloWorld[6916:a0b] Multi-tasking -> Device: YES, App: YES
2013-11-08 20:54:56.401 HelloWorld[6916:a0b] Resetting plugins due to page load.
2013-11-08 20:54:56.483 HelloWorld[6916:a0b] Finished load of: file:///Users/jimmyli/Library/Application%20Support/iPhone%20Simulator/7.0/Applications/235C154F-DCA7-428B-A04D-CECE71983CE0/HelloWorld.app/www/index.html
2013-11-09 14:20:29.195 HelloWorld[6916:a0b] Received memory warning.
>>>>>>> 59781c5491dff2aea89000e7edf15f7365d0f88c
